TN:
SF:backend\src\middleware\authMiddleware.ts
FN:4,authMiddleware
FNF:1
FNH:1
FNDA:4,authMiddleware
DA:5,4
DA:7,4
DA:8,2
DA:11,2
DA:13,2
DA:14,2
DA:15,2
DA:16,2
DA:18,1
LF:9
LH:9
BRDA:7,0,0,2
BRDA:7,0,1,2
BRDA:7,1,0,4
BRDA:7,1,1,3
BRF:4
BRH:4
end_of_record
TN:
SF:src\auth\authFetch.ts
FN:5,authFetch
FNF:1
FNH:1
FNDA:5,authFetch
DA:3,1
DA:6,5
DA:8,5
DA:14,5
DA:17,5
DA:18,3
DA:19,3
DA:20,1
DA:21,1
DA:22,1
DA:25,2
DA:31,2
DA:32,1
DA:33,1
DA:36,1
DA:41,1
DA:42,1
DA:46,4
LF:18
LH:18
BRDA:5,0,0,5
BRDA:10,1,0,5
BRDA:10,1,1,5
BRDA:11,2,0,4
BRDA:11,2,1,1
BRDA:17,3,0,3
BRDA:17,3,1,2
BRDA:19,4,0,1
BRDA:19,4,1,2
BRDA:31,5,0,1
BRDA:31,5,1,1
BRF:11
BRH:11
end_of_record
TN:
SF:src\auth\authStore.ts
FN:5,(anonymous_0)
FN:11,(anonymous_1)
FN:14,(anonymous_2)
FN:17,(anonymous_3)
FNF:4
FNH:4
FNDA:4,(anonymous_0)
FNDA:2,(anonymous_1)
FNDA:2,(anonymous_2)
FNDA:4,(anonymous_3)
DA:1,3
DA:2,3
DA:4,3
DA:6,4
DA:7,4
DA:8,4
DA:9,4
DA:12,2
DA:15,2
DA:18,4
DA:19,4
DA:20,4
DA:21,4
LF:13
LH:13
BRDA:12,0,0,2
BRDA:12,0,1,0
BRDA:15,1,0,2
BRDA:15,1,1,0
BRF:4
BRH:2
end_of_record
TN:
SF:src\auth\inactivityTimer.ts
FN:6,resetTimer
FN:8,(anonymous_1)
FN:16,startInactivityTimer
FN:18,(anonymous_3)
FN:21,stopInactivityTimer
FN:23,(anonymous_5)
FNF:6
FNH:6
FNDA:4,resetTimer
FNDA:1,(anonymous_1)
FNDA:3,startInactivityTimer
FNDA:15,(anonymous_3)
FNDA:1,stopInactivityTimer
FNDA:5,(anonymous_5)
DA:3,1
DA:4,1
DA:7,4
DA:8,4
DA:9,1
DA:10,1
DA:14,1
DA:17,3
DA:18,15
DA:22,1
DA:23,5
LF:11
LH:11
BRDA:7,0,0,3
BRDA:7,0,1,1
BRDA:22,1,0,1
BRDA:22,1,1,0
BRF:4
BRH:3
end_of_record
