TN:
SF:src\components\Button\Button.css
FNF:0
FNH:0
LF:0
LH:0
BRF:0
BRH:0
end_of_record
TN:
SF:src\components\Button\Button.tsx
FN:10,(anonymous_0)
FNF:1
FNH:1
FNDA:69,(anonymous_0)
DA:10,4
DA:11,69
LF:2
LH:2
BRDA:10,0,0,69
BRF:1
BRH:1
end_of_record
TN:
SF:src\components\DashboardModal\DashboardModal.tsx
FN:22,(anonymous_0)
FN:28,(anonymous_1)
FN:29,(anonymous_2)
FN:49,(anonymous_3)
FN:80,(anonymous_4)
FNF:5
FNH:5
FNDA:13,(anonymous_0)
FNDA:7,(anonymous_1)
FNDA:7,(anonymous_2)
FNDA:5,(anonymous_3)
FNDA:5,(anonymous_4)
DA:22,2
DA:23,13
DA:25,13
DA:26,13
DA:28,13
DA:29,7
DA:30,7
DA:31,7
DA:32,7
DA:33,7
DA:36,7
DA:39,13
DA:40,7
DA:49,6
DA:51,6
DA:81,5
LF:16
LH:16
BRDA:39,0,0,7
BRDA:39,0,1,6
BRDA:61,1,0,0
BRDA:61,1,1,6
BRDA:61,2,0,6
BRDA:61,2,1,6
BRF:6
BRH:5
end_of_record
TN:
SF:src\components\DashboardModal\modal.css
FNF:0
FNH:0
LF:0
LH:0
BRF:0
BRH:0
end_of_record
TN:
SF:src\components\Title\Title.css
FNF:0
FNH:0
LF:0
LH:0
BRF:0
BRH:0
end_of_record
TN:
SF:src\components\Title\Title.tsx
FN:8,(anonymous_0)
FNF:1
FNH:1
FNDA:67,(anonymous_0)
DA:8,5
DA:9,67
LF:2
LH:2
BRF:0
BRH:0
end_of_record
TN:
SF:src\components\WorkoutButtons\WorkoutButtons.css
FNF:0
FNH:0
LF:0
LH:0
BRF:0
BRH:0
end_of_record
TN:
SF:src\components\WorkoutButtons\WorkoutButtons.tsx
FN:12,(anonymous_0)
FN:14,(anonymous_1)
FN:19,(anonymous_2)
FNF:3
FNH:3
FNDA:5,(anonymous_0)
FNDA:1,(anonymous_1)
FNDA:2,(anonymous_2)
DA:12,1
DA:13,5
DA:14,5
DA:15,1
DA:19,5
DA:20,2
DA:21,1
DA:22,1
DA:25,1
DA:28,5
LF:10
LH:10
BRDA:20,0,0,1
BRDA:20,0,1,1
BRF:2
BRH:2
end_of_record
TN:
SF:src\components\WorkoutList\WorkoutList.css
FNF:0
FNH:0
LF:0
LH:0
BRF:0
BRH:0
end_of_record
TN:
SF:src\components\WorkoutList\WorkoutList.tsx
FN:20,(anonymous_0)
FN:27,(anonymous_1)
FN:35,(anonymous_2)
FN:39,(anonymous_3)
FN:49,(anonymous_4)
FN:62,(anonymous_5)
FNF:6
FNH:6
FNDA:11,(anonymous_0)
FNDA:3,(anonymous_1)
FNDA:60,(anonymous_2)
FNDA:3,(anonymous_3)
FNDA:1,(anonymous_4)
FNDA:1,(anonymous_5)
DA:20,1
DA:21,11
DA:22,11
DA:24,11
DA:25,11
DA:27,11
DA:28,3
DA:29,3
DA:32,11
DA:36,60
DA:39,3
DA:50,1
DA:63,1
LF:13
LH:13
BRDA:38,0,0,3
BRDA:38,0,1,57
BRF:2
BRH:2
end_of_record
TN:
SF:src\context\AppContext.tsx
FN:14,(anonymous_0)
FN:16,(anonymous_1)
FNF:2
FNH:2
FNDA:4,(anonymous_0)
FNDA:3,(anonymous_1)
DA:5,1
DA:7,1
DA:13,1
DA:14,4
DA:16,1
DA:17,3
LF:6
LH:6
BRF:0
BRH:0
end_of_record
TN:
SF:src\cookies\ActivityTracker.ts
FN:25,(anonymous_0)
FN:33,(anonymous_1)
FN:55,(anonymous_2)
FN:66,(anonymous_3)
FN:70,(anonymous_4)
FNF:5
FNH:5
FNDA:14,(anonymous_0)
FNDA:10,(anonymous_1)
FNDA:4,(anonymous_2)
FNDA:13,(anonymous_3)
FNDA:9,(anonymous_4)
DA:22,14
DA:23,14
DA:26,14
DA:27,14
DA:29,14
DA:30,14
DA:34,10
DA:36,10
DA:40,1
DA:43,9
DA:44,9
DA:46,9
DA:47,9
DA:48,7
DA:51,9
DA:52,9
DA:56,4
DA:61,4
DA:62,4
DA:63,4
DA:67,13
DA:71,9
LF:22
LH:22
BRDA:25,0,0,14
BRDA:27,1,0,14
BRDA:27,1,1,12
BRDA:29,2,0,13
BRDA:29,2,1,1
BRDA:30,3,0,13
BRDA:30,3,1,1
BRDA:36,4,0,1
BRDA:36,4,1,9
BRDA:37,5,0,10
BRDA:37,5,1,3
BRDA:46,6,0,0
BRDA:46,6,1,9
BRDA:47,7,0,7
BRDA:47,7,1,2
BRF:15
BRH:14
end_of_record
TN:
SF:src\cookies\CookieManager.ts
FN:2,(anonymous_0)
FN:7,(anonymous_1)
FN:21,(anonymous_2)
FNF:3
FNH:3
FNDA:3,(anonymous_0)
FNDA:3,(anonymous_1)
FNDA:3,(anonymous_2)
DA:3,8
DA:4,8
DA:8,9
DA:10,9
DA:11,9
DA:12,37
DA:14,37
DA:15,6
DA:18,3
DA:22,2
LF:10
LH:10
BRDA:2,0,0,8
BRDA:14,1,0,6
BRDA:14,1,1,31
BRDA:14,2,0,37
BRDA:14,2,1,36
BRDA:15,3,0,6
BRDA:15,3,1,0
BRF:7
BRH:6
end_of_record
TN:
SF:src\offline\offlineQueue.ts
FNF:0
FNH:0
DA:15,2
LF:1
LH:1
BRF:0
BRH:0
end_of_record
TN:
SF:src\pages\AddExercisePage\AddExercisePage.css
FNF:0
FNH:0
LF:0
LH:0
BRF:0
BRH:0
end_of_record
TN:
SF:src\pages\AddExercisePage\AddExercisePage.tsx
FN:8,(anonymous_0)
FN:18,(anonymous_1)
FN:22,(anonymous_2)
FN:57,(anonymous_3)
FN:62,(anonymous_4)
FN:67,(anonymous_5)
FN:72,(anonymous_6)
FNF:7
FNH:7
FNDA:16,(anonymous_0)
FNDA:6,(anonymous_1)
FNDA:5,(anonymous_2)
FNDA:3,(anonymous_3)
FNDA:3,(anonymous_4)
FNDA:2,(anonymous_5)
FNDA:2,(anonymous_6)
DA:8,1
DA:9,16
DA:10,16
DA:11,16
DA:13,16
DA:14,16
DA:15,16
DA:16,16
DA:18,16
DA:19,6
DA:22,16
DA:23,5
DA:24,4
DA:25,4
DA:28,1
DA:36,1
DA:37,1
DA:39,1
DA:41,1
DA:47,0
DA:51,16
DA:57,3
DA:62,3
DA:67,2
DA:72,2
LF:25
LH:24
BRDA:23,0,0,4
BRDA:23,0,1,1
BRDA:23,1,0,5
BRDA:23,1,1,3
BRDA:23,1,2,2
BRDA:23,1,3,1
BRDA:47,2,0,0
BRDA:47,2,1,0
BRF:8
BRH:6
end_of_record
TN:
SF:src\pages\AddWorkoutPage\AddWorkoutPage.css
FNF:0
FNH:0
LF:0
LH:0
BRF:0
BRH:0
end_of_record
TN:
SF:src\pages\AddWorkoutPage\AddWorkoutPage.tsx
FN:9,(anonymous_0)
FN:28,(anonymous_1)
FN:29,(anonymous_2)
FN:37,(anonymous_3)
FN:58,(anonymous_4)
FN:67,(anonymous_5)
FN:75,(anonymous_6)
FN:78,(anonymous_7)
FN:79,(anonymous_8)
FN:86,(anonymous_9)
FN:92,(anonymous_10)
FN:108,(anonymous_11)
FN:126,(anonymous_12)
FN:129,(anonymous_13)
FNF:14
FNH:12
FNDA:29,(anonymous_0)
FNDA:9,(anonymous_1)
FNDA:9,(anonymous_2)
FNDA:3,(anonymous_3)
FNDA:1,(anonymous_4)
FNDA:1,(anonymous_5)
FNDA:0,(anonymous_6)
FNDA:10,(anonymous_7)
FNDA:10,(anonymous_8)
FNDA:1,(anonymous_9)
FNDA:9,(anonymous_10)
FNDA:2,(anonymous_11)
FNDA:1,(anonymous_12)
FNDA:0,(anonymous_13)
DA:9,1
DA:13,29
DA:14,29
DA:15,29
DA:16,29
DA:17,29
DA:18,29
DA:19,29
DA:21,29
DA:24,29
DA:25,29
DA:26,29
DA:28,29
DA:29,9
DA:30,9
DA:31,9
DA:33,9
DA:37,29
DA:38,3
DA:39,1
DA:40,1
DA:43,2
DA:49,2
DA:50,2
DA:51,2
DA:52,1
DA:54,1
DA:58,29
DA:59,1
DA:60,1
DA:61,1
DA:64,0
DA:67,29
DA:68,1
DA:69,1
DA:70,1
DA:73,0
DA:74,0
DA:75,0
DA:78,29
DA:79,10
DA:80,10
DA:81,8
DA:82,8
DA:85,2
DA:86,2
DA:87,10
DA:89,10
DA:92,29
DA:93,9
DA:97,29
DA:99,11
DA:108,2
DA:127,1
DA:129,0
LF:55
LH:50
BRDA:22,0,0,2
BRDA:22,0,1,27
BRDA:38,1,0,1
BRDA:38,1,1,2
BRDA:51,2,0,1
BRDA:51,2,1,1
BRDA:59,3,0,1
BRDA:59,3,1,0
BRDA:68,4,0,1
BRDA:68,4,1,0
BRDA:80,5,0,8
BRDA:80,5,1,2
BRDA:87,6,0,1
BRDA:87,6,1,1
BRDA:97,7,0,18
BRDA:97,7,1,11
BRDA:130,8,0,0
BRDA:130,8,1,1
BRF:18
BRH:15
end_of_record
TN:
SF:src\pages\ClientDetailsPage\ClientDetailsPage.css
FNF:0
FNH:0
LF:0
LH:0
BRF:0
BRH:0
end_of_record
TN:
SF:src\pages\ClientDetailsPage\ClientDetailsPage.tsx
FN:10,(anonymous_0)
FN:17,(anonymous_1)
FN:18,(anonymous_2)
FN:27,(anonymous_3)
FNF:4
FNH:4
FNDA:9,(anonymous_0)
FNDA:5,(anonymous_1)
FNDA:5,(anonymous_2)
FNDA:5,(anonymous_3)
DA:10,1
DA:11,9
DA:12,9
DA:13,9
DA:14,9
DA:15,9
DA:17,9
DA:18,5
DA:19,5
DA:20,5
DA:21,5
DA:22,5
DA:24,5
DA:27,9
DA:28,5
DA:31,9
DA:33,4
DA:34,3
LF:18
LH:18
BRDA:31,0,0,5
BRDA:31,0,1,4
BRDA:33,1,0,1
BRDA:33,1,1,3
BRF:4
BRH:4
end_of_record
TN:
SF:src\pages\DashboardPage\DashboardPage.css
FNF:0
FNH:0
LF:0
LH:0
BRF:0
BRH:0
end_of_record
TN:
SF:src\pages\DashboardPage\DashboardPage.tsx
FN:9,(anonymous_0)
FN:19,(anonymous_1)
FN:23,(anonymous_2)
FN:27,(anonymous_3)
FN:31,(anonymous_4)
FN:35,(anonymous_5)
FN:36,(anonymous_6)
FN:41,(anonymous_7)
FN:44,(anonymous_8)
FN:45,(anonymous_9)
FN:51,(anonymous_10)
FN:61,(anonymous_11)
FN:66,(anonymous_12)
FN:73,(anonymous_13)
FN:81,(anonymous_14)
FN:94,(anonymous_15)
FN:100,(anonymous_16)
FNF:17
FNH:12
FNDA:19,(anonymous_0)
FNDA:1,(anonymous_1)
FNDA:9,(anonymous_2)
FNDA:8,(anonymous_3)
FNDA:8,(anonymous_4)
FNDA:8,(anonymous_5)
FNDA:0,(anonymous_6)
FNDA:8,(anonymous_7)
FNDA:8,(anonymous_8)
FNDA:0,(anonymous_9)
FNDA:8,(anonymous_10)
FNDA:1,(anonymous_11)
FNDA:0,(anonymous_12)
FNDA:0,(anonymous_13)
FNDA:0,(anonymous_14)
FNDA:2,(anonymous_15)
FNDA:1,(anonymous_16)
DA:9,1
DA:10,19
DA:11,19
DA:12,19
DA:13,19
DA:18,19
DA:19,19
DA:20,1
DA:23,19
DA:24,9
DA:25,9
DA:27,19
DA:28,8
DA:31,19
DA:32,8
DA:35,19
DA:36,8
DA:37,0
DA:40,8
DA:41,8
DA:44,19
DA:45,8
DA:46,0
DA:49,8
DA:51,8
DA:52,8
DA:56,19
DA:61,1
DA:66,0
DA:73,0
DA:82,0
DA:89,0
DA:94,2
DA:100,1
LF:34
LH:28
BRDA:98,0,0,19
BRDA:98,0,1,2
BRF:2
BRH:2
end_of_record
TN:
SF:src\pages\UpdateWorkoutPage\UpdateWorkoutPage.tsx
FN:10,(anonymous_0)
FN:25,(anonymous_1)
FN:26,(anonymous_2)
FN:31,(anonymous_3)
FN:38,(anonymous_4)
FN:42,(anonymous_5)
FN:48,(anonymous_6)
FN:51,(anonymous_7)
FN:51,(anonymous_8)
FN:57,(anonymous_9)
FN:78,(anonymous_10)
FN:81,(anonymous_11)
FNF:12
FNH:12
FNDA:17,(anonymous_0)
FNDA:7,(anonymous_1)
FNDA:7,(anonymous_2)
FNDA:2,(anonymous_3)
FNDA:1,(anonymous_4)
FNDA:2,(anonymous_5)
FNDA:1,(anonymous_6)
FNDA:1,(anonymous_7)
FNDA:1,(anonymous_8)
FNDA:7,(anonymous_9)
FNDA:3,(anonymous_10)
FNDA:1,(anonymous_11)
DA:10,1
DA:11,17
DA:13,17
DA:14,17
DA:16,17
DA:17,17
DA:19,17
DA:20,17
DA:21,17
DA:23,17
DA:25,17
DA:26,7
DA:27,7
DA:28,7
DA:30,7
DA:31,7
DA:32,7
DA:35,7
DA:38,17
DA:39,1
DA:42,17
DA:43,2
DA:44,1
DA:45,1
DA:48,1
DA:49,1
DA:50,1
DA:51,2
DA:52,2
DA:57,17
DA:58,7
DA:61,17
DA:62,8
DA:79,3
DA:81,1
LF:35
LH:35
BRDA:32,0,0,2
BRDA:32,0,1,5
BRDA:43,1,0,1
BRDA:43,1,1,1
BRDA:50,2,0,1
BRDA:50,2,1,0
BRDA:61,3,0,9
BRDA:61,3,1,8
BRDA:82,4,0,1
BRDA:82,4,1,2
BRF:10
BRH:9
end_of_record
TN:
SF:src\repository\LocalClientRepo.ts
FN:5,(anonymous_0)
FN:9,(anonymous_1)
FN:13,(anonymous_2)
FN:14,(anonymous_3)
FN:18,(anonymous_4)
FN:19,(anonymous_5)
FN:22,(anonymous_6)
FNF:7
FNH:7
FNDA:39,(anonymous_0)
FNDA:29,(anonymous_1)
FNDA:11,(anonymous_2)
FNDA:11,(anonymous_3)
FNDA:2,(anonymous_4)
FNDA:2,(anonymous_5)
FNDA:44,(anonymous_6)
DA:3,2
DA:6,39
DA:10,29
DA:14,11
DA:15,11
DA:19,2
DA:23,44
DA:27,2
LF:8
LH:8
BRDA:15,0,0,11
BRDA:15,0,1,0
BRF:2
BRH:1
end_of_record
TN:
SF:src\services\ClientService.ts
FN:9,(anonymous_0)
FN:29,(anonymous_1)
FN:54,(anonymous_2)
FN:63,(anonymous_3)
FN:72,(anonymous_4)
FN:92,(anonymous_5)
FN:107,(anonymous_6)
FN:120,(anonymous_7)
FN:132,(anonymous_8)
FN:145,(anonymous_9)
FN:160,(anonymous_10)
FN:170,(anonymous_11)
FN:172,(anonymous_12)
FN:180,(anonymous_13)
FN:199,(anonymous_14)
FN:203,(anonymous_15)
FN:215,(anonymous_16)
FN:228,(anonymous_17)
FN:230,(anonymous_18)
FN:232,(anonymous_19)
FN:241,(anonymous_20)
FN:263,(anonymous_21)
FN:267,(anonymous_22)
FN:268,(anonymous_23)
FNF:24
FNH:24
FNDA:3,(anonymous_0)
FNDA:4,(anonymous_1)
FNDA:4,(anonymous_2)
FNDA:2,(anonymous_3)
FNDA:3,(anonymous_4)
FNDA:3,(anonymous_5)
FNDA:4,(anonymous_6)
FNDA:2,(anonymous_7)
FNDA:4,(anonymous_8)
FNDA:2,(anonymous_9)
FNDA:4,(anonymous_10)
FNDA:2,(anonymous_11)
FNDA:2,(anonymous_12)
FNDA:6,(anonymous_13)
FNDA:4,(anonymous_14)
FNDA:4,(anonymous_15)
FNDA:5,(anonymous_16)
FNDA:3,(anonymous_17)
FNDA:3,(anonymous_18)
FNDA:2,(anonymous_19)
FNDA:4,(anonymous_20)
FNDA:3,(anonymous_21)
FNDA:3,(anonymous_22)
FNDA:3,(anonymous_23)
DA:4,2
DA:10,3
DA:11,3
DA:16,2
DA:17,1
DA:19,1
DA:21,2
DA:22,2
DA:23,2
DA:24,2
DA:25,2
DA:34,4
DA:35,4
DA:36,2
DA:37,1
DA:39,1
DA:41,3
DA:42,3
DA:43,3
DA:44,3
DA:46,3
DA:55,4
DA:56,4
DA:57,2
DA:58,1
DA:60,1
DA:62,3
DA:63,3
DA:64,3
DA:65,1
DA:68,2
DA:73,3
DA:74,3
DA:79,2
DA:80,1
DA:82,1
DA:84,2
DA:85,2
DA:86,2
DA:87,2
DA:88,2
DA:93,3
DA:94,3
DA:97,2
DA:98,1
DA:101,2
DA:102,2
DA:103,2
DA:108,4
DA:109,4
DA:114,2
DA:115,1
DA:117,1
DA:119,3
DA:120,3
DA:121,3
DA:122,1
DA:124,2
DA:125,2
DA:126,2
DA:127,2
DA:128,2
DA:137,4
DA:138,4
DA:139,2
DA:140,1
DA:142,1
DA:144,3
DA:145,3
DA:146,3
DA:147,1
DA:149,2
DA:150,2
DA:152,2
DA:161,4
DA:162,4
DA:165,2
DA:166,1
DA:169,3
DA:170,3
DA:171,3
DA:172,2
DA:173,2
DA:174,2
DA:181,6
DA:182,6
DA:191,3
DA:192,2
DA:193,2
DA:196,1
DA:198,5
DA:199,5
DA:200,5
DA:201,1
DA:203,4
DA:204,4
DA:205,1
DA:207,3
DA:208,3
DA:209,3
DA:210,3
DA:211,3
DA:216,5
DA:217,5
DA:223,2
DA:224,1
DA:227,4
DA:228,4
DA:229,4
DA:230,3
DA:231,3
DA:232,2
DA:233,2
DA:234,2
DA:253,4
DA:254,4
DA:255,2
DA:256,1
DA:258,1
DA:260,3
DA:261,3
DA:262,3
DA:263,3
DA:264,3
DA:265,3
DA:267,3
DA:268,3
DA:273,3
LF:128
LH:128
BRDA:16,0,0,1
BRDA:16,0,1,1
BRDA:36,1,0,1
BRDA:36,1,1,1
BRDA:57,2,0,1
BRDA:57,2,1,1
BRDA:64,3,0,1
BRDA:64,3,1,2
BRDA:79,4,0,1
BRDA:79,4,1,1
BRDA:97,5,0,1
BRDA:97,5,1,1
BRDA:114,6,0,1
BRDA:114,6,1,1
BRDA:121,7,0,1
BRDA:121,7,1,2
BRDA:139,8,0,1
BRDA:139,8,1,1
BRDA:146,9,0,1
BRDA:146,9,1,2
BRDA:165,10,0,1
BRDA:165,10,1,1
BRDA:171,11,0,2
BRDA:171,11,1,1
BRDA:191,12,0,2
BRDA:191,12,1,1
BRDA:193,13,0,2
BRDA:193,13,1,1
BRDA:200,14,0,1
BRDA:200,14,1,4
BRDA:204,15,0,1
BRDA:204,15,1,3
BRDA:223,16,0,1
BRDA:223,16,1,1
BRDA:229,17,0,3
BRDA:229,17,1,1
BRDA:231,18,0,2
BRDA:231,18,1,1
BRDA:255,19,0,1
BRDA:255,19,1,1
BRDA:265,20,0,3
BRDA:265,20,1,0
BRDA:267,21,0,2
BRDA:267,21,1,1
BRF:44
BRH:43
end_of_record
